Logging to /Users/scottmaxwellchapman/Library/CloudStorage/OneDrive-ChapmanLawGroup,PLLC/Business/Development/controversies/logs/texascodesstatutes.log (rotation 10MB)
[1/31] The Texas Constitution (CN)
  synced 18 files into CN-the-texas-constitution
[2/31] Agriculture Code (AG)
  failed: source ZIP contains corrupt chapter file(s): ag.12.docx (run with --allow-partial to keep remaining files)
[3/31] Alcoholic Beverage Code (AL)
  synced 62 files into AL-alcoholic-beverage-code
[4/31] Auxiliary Water Laws (WL)
  synced 3 files into WL-auxiliary-water-laws
[5/31] Business & Commerce Code (BC)
  synced 134 files into BC-business-and-commerce-code
[6/31] Business Organizations Code (BO)
  synced 31 files into BO-business-organizations-code
[7/31] Civil Practice and Remedies Code (CP)
  synced 163 files into CP-civil-practice-and-remedies-code
[8/31] Code of Criminal Procedure (CR)
  synced 85 files into CR-code-of-criminal-procedure
[9/31] Education Code (ED)
  synced 113 files into ED-education-code
[10/31] Election Code (EL)
  synced 109 files into EL-election-code
[11/31] Estates Code (ES)
  synced 137 files into ES-estates-code
[12/31] Family Code (FA)
  synced 81 files into FA-family-code
[13/31] Finance Code (FI)
  failed: source ZIP contains corrupt chapter file(s): fi.345.docx (run with --allow-partial to keep remaining files)
[14/31] Government Code (GV)
  failed: source ZIP contains corrupt chapter file(s): gv.572.docx (run with --allow-partial to keep remaining files)
[15/31] Health and Safety Code (HS)
  synced 390 files into HS-health-and-safety-code
[16/31] Human Resources Code (HR)
  synced 62 files into HR-human-resources-code
[17/31] Insurance Code (IN)
  synced 389 files into IN-insurance-code
[18/31] Insurance Code - Not Codified (I1)
  synced 5 files into I1-insurance-code-not-codified
[19/31] Labor Code (LA)
  synced 84 files into LA-labor-code
[20/31] Local Government Code (LG)
  synced 237 files into LG-local-government-code
[21/31] Natural Resources Code (NR)
  synced 60 files into NR-natural-resources-code
[22/31] Occupations Code (OC)
  synced 214 files into OC-occupations-code
[23/31] Parks and Wildlife Code (PW)
  synced 67 files into PW-parks-and-wildlife-code
[24/31] Penal Code (PE)
  synced 41 files into PE-penal-code
[25/31] Property Code (PR)
  synced 97 files into PR-property-code
[26/31] Special District Local Laws Code (SD)
  synced 1328 files into SD-special-district-local-laws-code
[27/31] Tax Code (TX)
  synced 56 files into TX-tax-code
[28/31] Transportation Code (TN)
  synced 188 files into TN-transportation-code
[29/31] Utilities Code (UT)
  synced 64 files into UT-utilities-code
[30/31] Water Code (WA)
  synced 51 files into WA-water-code
[31/31] Vernon's Civil Statutes (CV)
  synced 36 files into CV-vernon-s-civil-statutes

Sync complete.
  Source base: https://tcss.legis.texas.gov/resources
  Target: local:/Users/scottmaxwellchapman/Library/CloudStorage/OneDrive-ChapmanLawGroup,PLLC/Business/Development/controversies/texascodesstatutes_data
  Total sets: 31
  Downloaded: 28
  Skipped: 0
  Dry-run: 0
  Failed: 3
  Failures:
    - Agriculture Code (AG): source ZIP contains corrupt chapter file(s): ag.12.docx (run with --allow-partial to keep remaining files)
    - Finance Code (FI): source ZIP contains corrupt chapter file(s): fi.345.docx (run with --allow-partial to keep remaining files)
    - Government Code (GV): source ZIP contains corrupt chapter file(s): gv.572.docx (run with --allow-partial to keep remaining files)
Error: Sync completed with 3 failed code(s).
Embedded Tomcat stopped.
Logging to /Users/scottmaxwellchapman/Library/CloudStorage/OneDrive-ChapmanLawGroup,PLLC/Business/Development/controversies/logs/texascodesstatutes.log (rotation 10MB)
[1/31] The Texas Constitution (CN)
  skipped (no change detected and local marker verified)
[2/31] Agriculture Code (AG)
  failed: source ZIP contains corrupt chapter file(s): ag.12.docx (run with --allow-partial to keep remaining files)
[3/31] Alcoholic Beverage Code (AL)
  skipped (no change detected and local marker verified)
[4/31] Auxiliary Water Laws (WL)
  skipped (no change detected and local marker verified)
[5/31] Business & Commerce Code (BC)
  skipped (no change detected and local marker verified)
[6/31] Business Organizations Code (BO)
  skipped (no change detected and local marker verified)
[7/31] Civil Practice and Remedies Code (CP)
  skipped (no change detected and local marker verified)
[8/31] Code of Criminal Procedure (CR)
  skipped (no change detected and local marker verified)
[9/31] Education Code (ED)
  skipped (no change detected and local marker verified)
[10/31] Election Code (EL)
  skipped (no change detected and local marker verified)
[11/31] Estates Code (ES)
  skipped (no change detected and local marker verified)
[12/31] Family Code (FA)
  skipped (no change detected and local marker verified)
[13/31] Finance Code (FI)
  failed: source ZIP contains corrupt chapter file(s): fi.345.docx (run with --allow-partial to keep remaining files)
[14/31] Government Code (GV)
  failed: source ZIP contains corrupt chapter file(s): gv.572.docx (run with --allow-partial to keep remaining files)
[15/31] Health and Safety Code (HS)
  skipped (no change detected and local marker verified)
[16/31] Human Resources Code (HR)
  skipped (no change detected and local marker verified)
[17/31] Insurance Code (IN)
  skipped (no change detected and local marker verified)
[18/31] Insurance Code - Not Codified (I1)
  skipped (no change detected and local marker verified)
[19/31] Labor Code (LA)
  skipped (no change detected and local marker verified)
[20/31] Local Government Code (LG)
  skipped (no change detected and local marker verified)
[21/31] Natural Resources Code (NR)
  skipped (no change detected and local marker verified)
[22/31] Occupations Code (OC)
  skipped (no change detected and local marker verified)
[23/31] Parks and Wildlife Code (PW)
  skipped (no change detected and local marker verified)
[24/31] Penal Code (PE)
  skipped (no change detected and local marker verified)
[25/31] Property Code (PR)
  skipped (no change detected and local marker verified)
[26/31] Special District Local Laws Code (SD)
  skipped (no change detected and local marker verified)
[27/31] Tax Code (TX)
  skipped (no change detected and local marker verified)
[28/31] Transportation Code (TN)
  skipped (no change detected and local marker verified)
[29/31] Utilities Code (UT)
  skipped (no change detected and local marker verified)
[30/31] Water Code (WA)
  skipped (no change detected and local marker verified)
[31/31] Vernon's Civil Statutes (CV)
  skipped (no change detected and local marker verified)

Sync complete.
  Source base: https://tcss.legis.texas.gov/resources
  Target: local:/Users/scottmaxwellchapman/Library/CloudStorage/OneDrive-ChapmanLawGroup,PLLC/Business/Development/controversies/texascodesstatutes_data
  Total sets: 31
  Downloaded: 0
  Skipped: 28
  Dry-run: 0
  Failed: 3
  Failures:
    - Agriculture Code (AG): source ZIP contains corrupt chapter file(s): ag.12.docx (run with --allow-partial to keep remaining files)
    - Finance Code (FI): source ZIP contains corrupt chapter file(s): fi.345.docx (run with --allow-partial to keep remaining files)
    - Government Code (GV): source ZIP contains corrupt chapter file(s): gv.572.docx (run with --allow-partial to keep remaining files)
Error: Sync completed with 3 failed code(s).
Embedded Tomcat stopped.
Logging to /Users/scottmaxwellchapman/Library/CloudStorage/OneDrive-ChapmanLawGroup,PLLC/Business/Development/controversies/logs/texascodesstatutes.log (rotation 10MB)
Embedded Tomcat started:
  HTTPS: https://localhost:8443/
  HTTP (redirects): http://localhost:8080/
  Keystore: /Users/scottmaxwellchapman/Library/CloudStorage/OneDrive-ChapmanLawGroup,PLLC/Business/Development/controversies/data/sec/ssl/keystore.p12
[1/31] The Texas Constitution (CN)
  skipped (no change detected and local marker verified)
[2/31] Agriculture Code (AG)
  failed: source ZIP contains corrupt chapter file(s): ag.12.docx (run with --allow-partial to keep remaining files)
[3/31] Alcoholic Beverage Code (AL)
  skipped (no change detected and local marker verified)
[4/31] Auxiliary Water Laws (WL)
  skipped (no change detected and local marker verified)
[5/31] Business & Commerce Code (BC)
  skipped (no change detected and local marker verified)
[6/31] Business Organizations Code (BO)
  skipped (no change detected and local marker verified)
[7/31] Civil Practice and Remedies Code (CP)
  skipped (no change detected and local marker verified)
[8/31] Code of Criminal Procedure (CR)
  skipped (no change detected and local marker verified)
[9/31] Education Code (ED)
  skipped (no change detected and local marker verified)
[10/31] Election Code (EL)
  skipped (no change detected and local marker verified)
[11/31] Estates Code (ES)
  skipped (no change detected and local marker verified)
[12/31] Family Code (FA)
  skipped (no change detected and local marker verified)
[13/31] Finance Code (FI)
  failed: source ZIP contains corrupt chapter file(s): fi.345.docx (run with --allow-partial to keep remaining files)
[14/31] Government Code (GV)
  failed: source ZIP contains corrupt chapter file(s): gv.572.docx (run with --allow-partial to keep remaining files)
[15/31] Health and Safety Code (HS)
  skipped (no change detected and local marker verified)
[16/31] Human Resources Code (HR)
  skipped (no change detected and local marker verified)
[17/31] Insurance Code (IN)
  skipped (no change detected and local marker verified)
[18/31] Insurance Code - Not Codified (I1)
  skipped (no change detected and local marker verified)
[19/31] Labor Code (LA)
  skipped (no change detected and local marker verified)
[20/31] Local Government Code (LG)
  skipped (no change detected and local marker verified)
[21/31] Natural Resources Code (NR)
  skipped (no change detected and local marker verified)
[22/31] Occupations Code (OC)
  skipped (no change detected and local marker verified)
[23/31] Parks and Wildlife Code (PW)
  skipped (no change detected and local marker verified)
[24/31] Penal Code (PE)
  skipped (no change detected and local marker verified)
[25/31] Property Code (PR)
  skipped (no change detected and local marker verified)
[26/31] Special District Local Laws Code (SD)
  skipped (no change detected and local marker verified)
[27/31] Tax Code (TX)
  skipped (no change detected and local marker verified)
[28/31] Transportation Code (TN)
  skipped (no change detected and local marker verified)
[29/31] Utilities Code (UT)
  skipped (no change detected and local marker verified)
[30/31] Water Code (WA)
  skipped (no change detected and local marker verified)
[31/31] Vernon's Civil Statutes (CV)
  skipped (no change detected and local marker verified)

Sync complete.
  Source base: https://tcss.legis.texas.gov/resources
  Target: local:/Users/scottmaxwellchapman/Library/CloudStorage/OneDrive-ChapmanLawGroup,PLLC/Business/Development/controversies/texascodesstatutes_data
  Total sets: 31
  Downloaded: 0
  Skipped: 28
  Dry-run: 0
  Failed: 3
  Failures:
    - Agriculture Code (AG): source ZIP contains corrupt chapter file(s): ag.12.docx (run with --allow-partial to keep remaining files)
    - Finance Code (FI): source ZIP contains corrupt chapter file(s): fi.345.docx (run with --allow-partial to keep remaining files)
    - Government Code (GV): source ZIP contains corrupt chapter file(s): gv.572.docx (run with --allow-partial to keep remaining files)
Error: Sync completed with 3 failed code(s).
ERROR StatusLogger Log4j2 could not find a logging implementation. Please add log4j-core to the classpath. Using SimpleLogger to log to the console...
Embedded Tomcat stopped.
